<?xml version="1.0" encoding="UTF-8"?>
<!-- Generated by org.testng.reporters.JUnitReportReporter -->
<testsuite hostname="DESKTOP-6IQVTMI" failures="0" tests="1" name="Conexion.NewTest" time="0,357" errors="0" timestamp="2 Jan 2024 03:01:56 GMT">
  <testcase classname="Conexion.NewTest" name="f" time="0,357"/>
</testsuite>
